0 info it worked if it ends with ok
1 verbose cli [ '/usr/local/bin/node', '/usr/local/bin/npm', 'run', 'release' ]
2 info using npm@3.9.1
3 info using node@v5.3.0
4 verbose run-script [ 'prerelease', 'release', 'postrelease' ]
5 info lifecycle @~prerelease: @
6 silly lifecycle @~prerelease: no script for prerelease, continuing
7 info lifecycle @~release: @
8 verbose lifecycle @~release: unsafe-perm in lifecycle true
9 verbose lifecycle @~release: PATH: /usr/local/lib/node_modules/npm/bin/node-gyp-bin:/Users/geoffreydavis/Documents/github/lang-cheatsheet/node_modules/.bin:/usr/local/bin:/Users/geoffreydavis/.rvm/gems/ruby-2.2.1/bin:/Users/geoffreydavis/.rvm/gems/ruby-2.2.1@global/bin:/Users/geoffreydavis/.rvm/rubies/ruby-2.2.1/bin:/usr/local/bin:/usr/bin:/bin:/usr/sbin:/sbin:/Users/geoffreydavis/.rvm/bin
10 verbose lifecycle @~release: CWD: /Users/geoffreydavis/Documents/github/lang-cheatsheet
11 silly lifecycle @~release: Args: [ '-c', ';git checkout master && merge staging && push;' ]
12 silly lifecycle @~release: Returned: code: 2  signal: null
13 info lifecycle @~release: Failed to exec release script
14 verbose stack Error: @ release: `;git checkout master && merge staging && push;`
14 verbose stack Exit status 2
14 verbose stack     at EventEmitter.<anonymous> (/usr/local/lib/node_modules/npm/lib/utils/lifecycle.js:245:16)
14 verbose stack     at emitTwo (events.js:87:13)
14 verbose stack     at EventEmitter.emit (events.js:172:7)
14 verbose stack     at ChildProcess.<anonymous> (/usr/local/lib/node_modules/npm/lib/utils/spawn.js:24:14)
14 verbose stack     at emitTwo (events.js:87:13)
14 verbose stack     at ChildProcess.emit (events.js:172:7)
14 verbose stack     at maybeClose (internal/child_process.js:818:16)
14 verbose stack     at Process.ChildProcess._handle.onexit (internal/child_process.js:211:5)
15 verbose pkgid @
16 verbose cwd /Users/geoffreydavis/Documents/github/lang-cheatsheet
17 error Darwin 15.5.0
18 error argv "/usr/local/bin/node" "/usr/local/bin/npm" "run" "release"
19 error node v5.3.0
20 error npm  v3.9.1
21 error code ELIFECYCLE
22 error @ release: `;git checkout master && merge staging && push;`
22 error Exit status 2
23 error Failed at the @ release script ';git checkout master && merge staging && push;'.
23 error Make sure you have the latest version of node.js and npm installed.
23 error If you do, this is most likely a problem with the  package,
23 error not with npm itself.
23 error Tell the author that this fails on your system:
23 error     ;git checkout master && merge staging && push;
23 error You can get information on how to open an issue for this project with:
23 error     npm bugs
23 error Or if that isn't available, you can get their info via:
23 error     npm owner ls
23 error There is likely additional logging output above.
24 verbose exit [ 1, true ]
